# JRE version: OpenJDK Runtime Environment (8.0_76-b03) (build 1.8.0_76-release-b03)
# Java VM: OpenJDK 64-Bit Server VM (25.76-b03 mixed mode linux-amd64 compressed oops)
Heap:
 PSYoungGen      total 569344K, used 130040K [0x000000076ab00000, 0x000000079b400000, 0x00000007c0000000)
  eden space 439296K, 0% used [0x000000076ab00000,0x000000076ab00000,0x0000000785800000)
  from space 130048K, 99% used [0x0000000793500000,0x000000079b3fe300,0x000000079b400000)
  to   space 103424K, 0% used [0x0000000785800000,0x0000000785800000,0x000000078bd00000)
 ParOldGen       total 280064K, used 279216K [0x00000006c0000000, 0x00000006d1180000, 0x000000076ab00000)
  object space 280064K, 99% used [0x00000006c0000000,0x00000006d10ac260,0x00000006d1180000)
 Metaspace       used 6547K, capacity 7280K, committed 7552K, reserved 1056768K
  class space    used 597K, capacity 616K, committed 640K, reserved 1048576K
GC Heap History (10 events):
Event: 8.547 GC heap after
Heap after GC invocations=9 (full 1):
 PSYoungGen      total 397824K, used 33749K [0x000000076ab00000, 0x000000078e380000, 0x00000007c0000000)
  eden space 364032K, 0% used [0x000000076ab00000,0x000000076ab00000,0x0000000780e80000)
  from space 33792K, 99% used [0x000000078c280000,0x000000078e3755f8,0x000000078e380000)
  to   space 54272K, 0% used [0x0000000787980000,0x0000000787980000,0x000000078ae80000)
 ParOldGen       total 159744K, used 84509K [0x00000006c0000000, 0x00000006c9c00000, 0x000000076ab00000)
  object space 159744K, 52% used [0x00000006c0000000,0x00000006c5287490,0x00000006c9c00000)
 Metaspace       used 6494K, capacity 7280K, committed 7552K, reserved 1056768K
  class space    used 595K, capacity 616K, committed 640K, reserved 1048576K
}
Event: 9.477 GC heap before
{Heap before GC invocations=10 (full 1):
 PSYoungGen      total 397824K, used 397781K [0x000000076ab00000, 0x000000078e380000, 0x00000007c0000000)
  eden space 364032K, 100% used [0x000000076ab00000,0x0000000780e80000,0x0000000780e80000)
  from space 33792K, 99% used [0x000000078c280000,0x000000078e3755f8,0x000000078e380000)
  to   space 54272K, 0% used [0x0000000787980000,0x0000000787980000,0x000000078ae80000)
 ParOldGen       total 159744K, used 84509K [0x00000006c0000000, 0x00000006c9c00000, 0x000000076ab00000)
  object space 159744K, 52% used [0x00000006c0000000,0x00000006c5287490,0x00000006c9c00000)
 Metaspace       used 6516K, capacity 7280K, committed 7552K, reserved 1056768K
  class space    used 595K, capacity 616K, committed 640K, reserved 1048576K
Event: 9.618 GC heap after
Heap after GC invocations=10 (full 1):
 PSYoungGen      total 524288K, used 54254K [0x000000076ab00000, 0x0000000790400000, 0x00000007c0000000)
  eden space 470016K, 0% used [0x000000076ab00000,0x000000076ab00000,0x0000000787600000)
  from space 54272K, 99% used [0x0000000787980000,0x000000078ae7bab8,0x000000078ae80000)
  to   space 72704K, 0% used [0x000000078bd00000,0x000000078bd00000,0x0000000790400000)
 ParOldGen       total 159744K, used 105027K [0x00000006c0000000, 0x00000006c9c00000, 0x000000076ab00000)
  object space 159744K, 65% used [0x00000006c0000000,0x00000006c6690f30,0x00000006c9c00000)
 Metaspace       used 6516K, capacity 7280K, committed 7552K, reserved 1056768K
  class space    used 595K, capacity 616K, committed 640K, reserved 1048576K
}
Event: 11.157 GC heap before
{Heap before GC invocations=11 (full 1):
 PSYoungGen      total 524288K, used 524270K [0x000000076ab00000, 0x0000000790400000, 0x00000007c0000000)
  eden space 470016K, 100% used [0x000000076ab00000,0x0000000787600000,0x0000000787600000)
  from space 54272K, 99% used [0x0000000787980000,0x000000078ae7bab8,0x000000078ae80000)
  to   space 72704K, 0% used [0x000000078bd00000,0x000000078bd00000,0x0000000790400000)
 ParOldGen       total 159744K, used 105027K [0x00000006c0000000, 0x00000006c9c00000, 0x000000076ab00000)
  object space 159744K, 65% used [0x00000006c0000000,0x00000006c6690f30,0x00000006c9c00000)
 Metaspace       used 6521K, capacity 7280K, committed 7552K, reserved 1056768K
  class space    used 595K, capacity 616K, committed 640K, reserved 1048576K
Event: 11.459 GC heap after
Heap after GC invocations=11 (full 1):
 PSYoungGen      total 512000K, used 72685K [0x000000076ab00000, 0x000000079ce00000, 0x00000007c0000000)
  eden space 439296K, 0% used [0x000000076ab00000,0x000000076ab00000,0x0000000785800000)
  from space 72704K, 99% used [0x000000078bd00000,0x00000007903fb6e8,0x0000000790400000)
  to   space 103424K, 0% used [0x0000000785800000,0x0000000785800000,0x000000078bd00000)
 ParOldGen       total 159744K, used 155479K [0x00000006c0000000, 0x00000006c9c00000, 0x000000076ab00000)
  object space 159744K, 97% used [0x00000006c0000000,0x00000006c97d5e60,0x00000006c9c00000)
 Metaspace       used 6521K, capacity 7280K, committed 7552K, reserved 1056768K
  class space    used 595K, capacity 616K, committed 640K, reserved 1048576K
}
Event: 11.459 GC heap before
{Heap before GC invocations=12 (full 2):
 PSYoungGen      total 512000K, used 72685K [0x000000076ab00000, 0x000000079ce00000, 0x00000007c0000000)
  eden space 439296K, 0% used [0x000000076ab00000,0x000000076ab00000,0x0000000785800000)
  from space 72704K, 99% used [0x000000078bd00000,0x00000007903fb6e8,0x0000000790400000)
  to   space 103424K, 0% used [0x0000000785800000,0x0000000785800000,0x000000078bd00000)
 ParOldGen       total 159744K, used 155479K [0x00000006c0000000, 0x00000006c9c00000, 0x000000076ab00000)
  object space 159744K, 97% used [0x00000006c0000000,0x00000006c97d5e60,0x00000006c9c00000)
 Metaspace       used 6521K, capacity 7280K, committed 7552K, reserved 1056768K
  class space    used 595K, capacity 616K, committed 640K, reserved 1048576K
Event: 12.877 GC heap after
Heap after GC invocations=12 (full 2):
 PSYoungGen      total 512000K, used 60388K [0x000000076ab00000, 0x000000079ce00000, 0x00000007c0000000)
  eden space 439296K, 0% used [0x000000076ab00000,0x000000076ab00000,0x0000000785800000)
  from space 72704K, 83% used [0x000000078bd00000,0x000000078f7f9150,0x0000000790400000)
  to   space 103424K, 0% used [0x0000000785800000,0x0000000785800000,0x000000078bd00000)
 ParOldGen       total 280064K, used 159515K [0x00000006c0000000, 0x00000006d1180000, 0x000000076ab00000)
  object space 280064K, 56% used [0x00000006c0000000,0x00000006c9bc6e90,0x00000006d1180000)
 Metaspace       used 6521K, capacity 7280K, committed 7552K, reserved 1056768K
  class space    used 595K, capacity 616K, committed 640K, reserved 1048576K
}
Event: 14.141 GC heap before
{Heap before GC invocations=13 (full 2):
 PSYoungGen      total 512000K, used 499684K [0x000000076ab00000, 0x000000079ce00000, 0x00000007c0000000)
  eden space 439296K, 100% used [0x000000076ab00000,0x0000000785800000,0x0000000785800000)
  from space 72704K, 83% used [0x000000078bd00000,0x000000078f7f9150,0x0000000790400000)
  to   space 103424K, 0% used [0x0000000785800000,0x0000000785800000,0x000000078bd00000)
 ParOldGen       total 280064K, used 159515K [0x00000006c0000000, 0x00000006d1180000, 0x000000076ab00000)
  object space 280064K, 56% used [0x00000006c0000000,0x00000006c9bc6e90,0x00000006d1180000)
 Metaspace       used 6536K, capacity 7280K, committed 7552K, reserved 1056768K
  class space    used 595K, capacity 616K, committed 640K, reserved 1048576K
Event: 14.359 GC heap after
Heap after GC invocations=13 (full 2):
 PSYoungGen      total 542720K, used 103420K [0x000000076ab00000, 0x000000079b400000, 0x00000007c0000000)
  eden space 439296K, 0% used [0x000000076ab00000,0x000000076ab00000,0x0000000785800000)
  from space 103424K, 99% used [0x0000000785800000,0x000000078bcff100,0x000000078bd00000)
  to   space 130048K, 0% used [0x0000000793500000,0x0000000793500000,0x000000079b400000)
 ParOldGen       total 280064K, used 181594K [0x00000006c0000000, 0x00000006d1180000, 0x000000076ab00000)
  object space 280064K, 64% used [0x00000006c0000000,0x00000006cb156878,0x00000006d1180000)
 Metaspace       used 6536K, capacity 7280K, committed 7552K, reserved 1056768K
  class space    used 595K, capacity 616K, committed 640K, reserved 1048576K
}
Event: 16.326 GC heap before
{Heap before GC invocations=14 (full 2):
 PSYoungGen      total 542720K, used 542716K [0x000000076ab00000, 0x000000079b400000, 0x00000007c0000000)
  eden space 439296K, 100% used [0x000000076ab00000,0x0000000785800000,0x0000000785800000)
  from space 103424K, 99% used [0x0000000785800000,0x000000078bcff100,0x000000078bd00000)
  to   space 130048K, 0% used [0x0000000793500000,0x0000000793500000,0x000000079b400000)
 ParOldGen       total 280064K, used 181594K [0x00000006c0000000, 0x00000006d1180000, 0x000000076ab00000)
  object space 280064K, 64% used [0x00000006c0000000,0x00000006cb156878,0x00000006d1180000)
 Metaspace       used 6547K, capacity 7280K, committed 7552K, reserved 1056768K
  class space    used 597K, capacity 616K, committed 640K, reserved 1048576K

