# JRE version: OpenJDK Runtime Environment (8.0_91-b14) (build 1.8.0_91-8u91-b14-3ubuntu1~16.04.1-b14)
# Java VM: OpenJDK 64-Bit Server VM (25.91-b14 mixed mode linux-amd64 compressed oops)
Heap:
 PSYoungGen      total 614400K, used 172534K [0x000000076ab00000, 0x000000079f900000, 0x00000007c0000000)
  eden space 441856K, 0% used [0x000000076ab00000,0x000000076ab00000,0x0000000785a80000)
  from space 172544K, 99% used [0x0000000795080000,0x000000079f8fd868,0x000000079f900000)
  to   space 109056K, 0% used [0x0000000785a80000,0x0000000785a80000,0x000000078c500000)
 ParOldGen       total 363520K, used 207668K [0x00000006c0000000, 0x00000006d6300000, 0x000000076ab00000)
  object space 363520K, 57% used [0x00000006c0000000,0x00000006ccacd258,0x00000006d6300000)
 Metaspace       used 6362K, capacity 7216K, committed 7296K, reserved 1056768K
  class space    used 586K, capacity 616K, committed 640K, reserved 1048576K
GC Heap History (10 events):
Event: 18.389 GC heap after
Heap after GC invocations=7 (full 0):
 PSYoungGen      total 277504K, used 36342K [0x000000076ab00000, 0x0000000793d00000, 0x00000007c0000000)
  eden space 241152K, 0% used [0x000000076ab00000,0x000000076ab00000,0x0000000779680000)
  from space 36352K, 99% used [0x0000000779680000,0x000000077b9fdbc0,0x000000077ba00000)
  to   space 95744K, 0% used [0x000000078df80000,0x000000078df80000,0x0000000793d00000)
 ParOldGen       total 155648K, used 155442K [0x00000006c0000000, 0x00000006c9800000, 0x000000076ab00000)
  object space 155648K, 99% used [0x00000006c0000000,0x00000006c97cc820,0x00000006c9800000)
 Metaspace       used 6313K, capacity 7216K, committed 7296K, reserved 1056768K
  class space    used 585K, capacity 616K, committed 640K, reserved 1048576K
}
Event: 18.389 GC heap before
{Heap before GC invocations=8 (full 1):
 PSYoungGen      total 277504K, used 36342K [0x000000076ab00000, 0x0000000793d00000, 0x00000007c0000000)
  eden space 241152K, 0% used [0x000000076ab00000,0x000000076ab00000,0x0000000779680000)
  from space 36352K, 99% used [0x0000000779680000,0x000000077b9fdbc0,0x000000077ba00000)
  to   space 95744K, 0% used [0x000000078df80000,0x000000078df80000,0x0000000793d00000)
 ParOldGen       total 155648K, used 155442K [0x00000006c0000000, 0x00000006c9800000, 0x000000076ab00000)
  object space 155648K, 99% used [0x00000006c0000000,0x00000006c97cc820,0x00000006c9800000)
 Metaspace       used 6313K, capacity 7216K, committed 7296K, reserved 1056768K
  class space    used 585K, capacity 616K, committed 640K, reserved 1048576K
Event: 20.161 GC heap after
Heap after GC invocations=8 (full 1):
 PSYoungGen      total 277504K, used 21351K [0x000000076ab00000, 0x0000000793d00000, 0x00000007c0000000)
  eden space 241152K, 0% used [0x000000076ab00000,0x000000076ab00000,0x0000000779680000)
  from space 36352K, 58% used [0x0000000779680000,0x000000077ab59ff0,0x000000077ba00000)
  to   space 95744K, 0% used [0x000000078df80000,0x000000078df80000,0x0000000793d00000)
 ParOldGen       total 269824K, used 155148K [0x00000006c0000000, 0x00000006d0780000, 0x000000076ab00000)
  object space 269824K, 57% used [0x00000006c0000000,0x00000006c97831c8,0x00000006d0780000)
 Metaspace       used 6313K, capacity 7216K, committed 7296K, reserved 1056768K
  class space    used 585K, capacity 616K, committed 640K, reserved 1048576K
}
Event: 21.237 GC heap before
{Heap before GC invocations=9 (full 1):
 PSYoungGen      total 277504K, used 262503K [0x000000076ab00000, 0x0000000793d00000, 0x00000007c0000000)
  eden space 241152K, 100% used [0x000000076ab00000,0x0000000779680000,0x0000000779680000)
  from space 36352K, 58% used [0x0000000779680000,0x000000077ab59ff0,0x000000077ba00000)
  to   space 95744K, 0% used [0x000000078df80000,0x000000078df80000,0x0000000793d00000)
 ParOldGen       total 269824K, used 155148K [0x00000006c0000000, 0x00000006d0780000, 0x000000076ab00000)
  object space 269824K, 57% used [0x00000006c0000000,0x00000006c97831c8,0x00000006d0780000)
 Metaspace       used 6340K, capacity 7216K, committed 7296K, reserved 1056768K
  class space    used 585K, capacity 616K, committed 640K, reserved 1048576K
Event: 21.524 GC heap after
Heap after GC invocations=9 (full 1):
 PSYoungGen      total 445952K, used 81758K [0x000000076ab00000, 0x0000000792f80000, 0x00000007c0000000)
  eden space 364032K, 0% used [0x000000076ab00000,0x000000076ab00000,0x0000000780e80000)
  from space 81920K, 99% used [0x000000078df80000,0x0000000792f579d0,0x0000000792f80000)
  to   space 109056K, 0% used [0x0000000785a80000,0x0000000785a80000,0x000000078c500000)
 ParOldGen       total 269824K, used 155148K [0x00000006c0000000, 0x00000006d0780000, 0x000000076ab00000)
  object space 269824K, 57% used [0x00000006c0000000,0x00000006c97831c8,0x00000006d0780000)
 Metaspace       used 6340K, capacity 7216K, committed 7296K, reserved 1056768K
  class space    used 585K, capacity 616K, committed 640K, reserved 1048576K
}
Event: 26.265 GC heap before
{Heap before GC invocations=10 (full 1):
 PSYoungGen      total 445952K, used 445790K [0x000000076ab00000, 0x0000000792f80000, 0x00000007c0000000)
  eden space 364032K, 100% used [0x000000076ab00000,0x0000000780e80000,0x0000000780e80000)
  from space 81920K, 99% used [0x000000078df80000,0x0000000792f579d0,0x0000000792f80000)
  to   space 109056K, 0% used [0x0000000785a80000,0x0000000785a80000,0x000000078c500000)
 ParOldGen       total 269824K, used 155148K [0x00000006c0000000, 0x00000006d0780000, 0x000000076ab00000)
  object space 269824K, 57% used [0x00000006c0000000,0x00000006c97831c8,0x00000006d0780000)
 Metaspace       used 6362K, capacity 7216K, committed 7296K, reserved 1056768K
  class space    used 586K, capacity 616K, committed 640K, reserved 1048576K
Event: 34.222 GC heap after
Heap after GC invocations=10 (full 1):
 PSYoungGen      total 550912K, used 109041K [0x000000076ab00000, 0x000000079f900000, 0x00000007c0000000)
  eden space 441856K, 0% used [0x000000076ab00000,0x000000076ab00000,0x0000000785a80000)
  from space 109056K, 99% used [0x0000000785a80000,0x000000078c4fc4b0,0x000000078c500000)
  to   space 172544K, 0% used [0x0000000795080000,0x0000000795080000,0x000000079f900000)
 ParOldGen       total 269824K, used 261436K [0x00000006c0000000, 0x00000006d0780000, 0x000000076ab00000)
  object space 269824K, 96% used [0x00000006c0000000,0x00000006cff4f2f8,0x00000006d0780000)
 Metaspace       used 6362K, capacity 7216K, committed 7296K, reserved 1056768K
  class space    used 586K, capacity 616K, committed 640K, reserved 1048576K
}
Event: 34.228 GC heap before
{Heap before GC invocations=11 (full 2):
 PSYoungGen      total 550912K, used 109041K [0x000000076ab00000, 0x000000079f900000, 0x00000007c0000000)
  eden space 441856K, 0% used [0x000000076ab00000,0x000000076ab00000,0x0000000785a80000)
  from space 109056K, 99% used [0x0000000785a80000,0x000000078c4fc4b0,0x000000078c500000)
  to   space 172544K, 0% used [0x0000000795080000,0x0000000795080000,0x000000079f900000)
 ParOldGen       total 269824K, used 261436K [0x00000006c0000000, 0x00000006d0780000, 0x000000076ab00000)
  object space 269824K, 96% used [0x00000006c0000000,0x00000006cff4f2f8,0x00000006d0780000)
 Metaspace       used 6362K, capacity 7216K, committed 7296K, reserved 1056768K
  class space    used 586K, capacity 616K, committed 640K, reserved 1048576K
Event: 36.994 GC heap after
Heap after GC invocations=11 (full 2):
 PSYoungGen      total 550912K, used 0K [0x000000076ab00000, 0x000000079f900000, 0x00000007c0000000)
  eden space 441856K, 0% used [0x000000076ab00000,0x000000076ab00000,0x0000000785a80000)
  from space 109056K, 0% used [0x0000000785a80000,0x0000000785a80000,0x000000078c500000)
  to   space 172544K, 0% used [0x0000000795080000,0x0000000795080000,0x000000079f900000)
 ParOldGen       total 363520K, used 203710K [0x00000006c0000000, 0x00000006d6300000, 0x000000076ab00000)
  object space 363520K, 56% used [0x00000006c0000000,0x00000006cc6efb20,0x00000006d6300000)
 Metaspace       used 6362K, capacity 7216K, committed 7296K, reserved 1056768K
  class space    used 586K, capacity 616K, committed 640K, reserved 1048576K
}
Event: 41.878 GC heap before
{Heap before GC invocations=12 (full 2):
 PSYoungGen      total 550912K, used 441856K [0x000000076ab00000, 0x000000079f900000, 0x00000007c0000000)
  eden space 441856K, 100% used [0x000000076ab00000,0x0000000785a80000,0x0000000785a80000)
  from space 109056K, 0% used [0x0000000785a80000,0x0000000785a80000,0x000000078c500000)
  to   space 172544K, 0% used [0x0000000795080000,0x0000000795080000,0x000000079f900000)
 ParOldGen       total 363520K, used 203710K [0x00000006c0000000, 0x00000006d6300000, 0x000000076ab00000)
  object space 363520K, 56% used [0x00000006c0000000,0x00000006cc6efb20,0x00000006d6300000)
 Metaspace       used 6362K, capacity 7216K, committed 7296K, reserved 1056768K
  class space    used 586K, capacity 616K, committed 640K, reserved 1048576K

