# JRE version: OpenJDK Runtime Environment (8.0_91-b14) (build 1.8.0_91-8u91-b14-3ubuntu1~16.04.1-b14)
# Java VM: OpenJDK 64-Bit Server VM (25.91-b14 mixed mode linux-amd64 compressed oops)
Heap:
 PSYoungGen      total 530432K, used 147437K [0x000000076ab00000, 0x0000000794100000, 0x00000007c0000000)
  eden space 382976K, 0% used [0x000000076ab00000,0x000000076ab00000,0x0000000782100000)
  from space 147456K, 99% used [0x000000078b100000,0x00000007940fb6d0,0x0000000794100000)
  to   space 109568K, 0% used [0x0000000783f00000,0x0000000783f00000,0x000000078aa00000)
 ParOldGen       total 363520K, used 327863K [0x00000006c0000000, 0x00000006d6300000, 0x000000076ab00000)
  object space 363520K, 90% used [0x00000006c0000000,0x00000006d402dc40,0x00000006d6300000)
 Metaspace       used 6339K, capacity 7216K, committed 7296K, reserved 1056768K
  class space    used 587K, capacity 616K, committed 640K, reserved 1048576K
GC Heap History (10 events):
Event: 21.746 GC heap after
Heap after GC invocations=7 (full 0):
 PSYoungGen      total 276992K, used 33769K [0x000000076ab00000, 0x0000000791500000, 0x00000007c0000000)
  eden space 243200K, 0% used [0x000000076ab00000,0x000000076ab00000,0x0000000779880000)
  from space 33792K, 99% used [0x0000000779880000,0x000000077b97a430,0x000000077b980000)
  to   space 73216K, 0% used [0x000000078cd80000,0x000000078cd80000,0x0000000791500000)
 ParOldGen       total 113152K, used 112690K [0x00000006c0000000, 0x00000006c6e80000, 0x000000076ab00000)
  object space 113152K, 99% used [0x00000006c0000000,0x00000006c6e0cbc0,0x00000006c6e80000)
 Metaspace       used 6330K, capacity 7216K, committed 7296K, reserved 1056768K
  class space    used 586K, capacity 616K, committed 640K, reserved 1048576K
}
Event: 21.746 GC heap before
{Heap before GC invocations=8 (full 1):
 PSYoungGen      total 276992K, used 33769K [0x000000076ab00000, 0x0000000791500000, 0x00000007c0000000)
  eden space 243200K, 0% used [0x000000076ab00000,0x000000076ab00000,0x0000000779880000)
  from space 33792K, 99% used [0x0000000779880000,0x000000077b97a430,0x000000077b980000)
  to   space 73216K, 0% used [0x000000078cd80000,0x000000078cd80000,0x0000000791500000)
 ParOldGen       total 113152K, used 112690K [0x00000006c0000000, 0x00000006c6e80000, 0x000000076ab00000)
  object space 113152K, 99% used [0x00000006c0000000,0x00000006c6e0cbc0,0x00000006c6e80000)
 Metaspace       used 6330K, capacity 7216K, committed 7296K, reserved 1056768K
  class space    used 586K, capacity 616K, committed 640K, reserved 1048576K
Event: 23.922 GC heap after
Heap after GC invocations=8 (full 1):
 PSYoungGen      total 276992K, used 18912K [0x000000076ab00000, 0x0000000791500000, 0x00000007c0000000)
  eden space 243200K, 0% used [0x000000076ab00000,0x000000076ab00000,0x0000000779880000)
  from space 33792K, 55% used [0x0000000779880000,0x000000077aaf80c0,0x000000077b980000)
  to   space 73216K, 0% used [0x000000078cd80000,0x000000078cd80000,0x0000000791500000)
 ParOldGen       total 210944K, used 113097K [0x00000006c0000000, 0x00000006cce00000, 0x000000076ab00000)
  object space 210944K, 53% used [0x00000006c0000000,0x00000006c6e725d8,0x00000006cce00000)
 Metaspace       used 6330K, capacity 7216K, committed 7296K, reserved 1056768K
  class space    used 586K, capacity 616K, committed 640K, reserved 1048576K
}
Event: 24.480 GC heap before
{Heap before GC invocations=9 (full 1):
 PSYoungGen      total 276992K, used 262112K [0x000000076ab00000, 0x0000000791500000, 0x00000007c0000000)
  eden space 243200K, 100% used [0x000000076ab00000,0x0000000779880000,0x0000000779880000)
  from space 33792K, 55% used [0x0000000779880000,0x000000077aaf80c0,0x000000077b980000)
  to   space 73216K, 0% used [0x000000078cd80000,0x000000078cd80000,0x0000000791500000)
 ParOldGen       total 210944K, used 113097K [0x00000006c0000000, 0x00000006cce00000, 0x000000076ab00000)
  object space 210944K, 53% used [0x00000006c0000000,0x00000006c6e725d8,0x00000006cce00000)
 Metaspace       used 6332K, capacity 7216K, committed 7296K, reserved 1056768K
  class space    used 586K, capacity 616K, committed 640K, reserved 1048576K
Event: 24.818 GC heap after
Heap after GC invocations=9 (full 1):
 PSYoungGen      total 422400K, used 73201K [0x000000076ab00000, 0x0000000791500000, 0x00000007c0000000)
  eden space 349184K, 0% used [0x000000076ab00000,0x000000076ab00000,0x0000000780000000)
  from space 73216K, 99% used [0x000000078cd80000,0x00000007914fc610,0x0000000791500000)
  to   space 109568K, 0% used [0x0000000783f00000,0x0000000783f00000,0x000000078aa00000)
 ParOldGen       total 210944K, used 163460K [0x00000006c0000000, 0x00000006cce00000, 0x000000076ab00000)
  object space 210944K, 77% used [0x00000006c0000000,0x00000006c9fa12d8,0x00000006cce00000)
 Metaspace       used 6332K, capacity 7216K, committed 7296K, reserved 1056768K
  class space    used 586K, capacity 616K, committed 640K, reserved 1048576K
}
Event: 24.818 GC heap before
{Heap before GC invocations=10 (full 2):
 PSYoungGen      total 422400K, used 73201K [0x000000076ab00000, 0x0000000791500000, 0x00000007c0000000)
  eden space 349184K, 0% used [0x000000076ab00000,0x000000076ab00000,0x0000000780000000)
  from space 73216K, 99% used [0x000000078cd80000,0x00000007914fc610,0x0000000791500000)
  to   space 109568K, 0% used [0x0000000783f00000,0x0000000783f00000,0x000000078aa00000)
 ParOldGen       total 210944K, used 163460K [0x00000006c0000000, 0x00000006cce00000, 0x000000076ab00000)
  object space 210944K, 77% used [0x00000006c0000000,0x00000006c9fa12d8,0x00000006cce00000)
 Metaspace       used 6332K, capacity 7216K, committed 7296K, reserved 1056768K
  class space    used 586K, capacity 616K, committed 640K, reserved 1048576K
Event: 26.369 GC heap after
Heap after GC invocations=10 (full 2):
 PSYoungGen      total 422400K, used 17814K [0x000000076ab00000, 0x0000000791500000, 0x00000007c0000000)
  eden space 349184K, 0% used [0x000000076ab00000,0x000000076ab00000,0x0000000780000000)
  from space 73216K, 24% used [0x000000078cd80000,0x000000078dee5bb0,0x0000000791500000)
  to   space 109568K, 0% used [0x0000000783f00000,0x0000000783f00000,0x000000078aa00000)
 ParOldGen       total 363520K, used 210581K [0x00000006c0000000, 0x00000006d6300000, 0x000000076ab00000)
  object space 363520K, 57% used [0x00000006c0000000,0x00000006ccda56e8,0x00000006d6300000)
 Metaspace       used 6332K, capacity 7216K, committed 7296K, reserved 1056768K
  class space    used 586K, capacity 616K, committed 640K, reserved 1048576K
}
Event: 32.093 GC heap before
{Heap before GC invocations=11 (full 2):
 PSYoungGen      total 422400K, used 366998K [0x000000076ab00000, 0x0000000791500000, 0x00000007c0000000)
  eden space 349184K, 100% used [0x000000076ab00000,0x0000000780000000,0x0000000780000000)
  from space 73216K, 24% used [0x000000078cd80000,0x000000078dee5bb0,0x0000000791500000)
  to   space 109568K, 0% used [0x0000000783f00000,0x0000000783f00000,0x000000078aa00000)
 ParOldGen       total 363520K, used 210581K [0x00000006c0000000, 0x00000006d6300000, 0x000000076ab00000)
  object space 363520K, 57% used [0x00000006c0000000,0x00000006ccda56e8,0x00000006d6300000)
 Metaspace       used 6339K, capacity 7216K, committed 7296K, reserved 1056768K
  class space    used 587K, capacity 616K, committed 640K, reserved 1048576K
Event: 32.589 GC heap after
Heap after GC invocations=11 (full 2):
 PSYoungGen      total 492544K, used 109562K [0x000000076ab00000, 0x0000000794100000, 0x00000007c0000000)
  eden space 382976K, 0% used [0x000000076ab00000,0x000000076ab00000,0x0000000782100000)
  from space 109568K, 99% used [0x0000000783f00000,0x000000078a9fe820,0x000000078aa00000)
  to   space 147456K, 0% used [0x000000078b100000,0x000000078b100000,0x0000000794100000)
 ParOldGen       total 363520K, used 252379K [0x00000006c0000000, 0x00000006d6300000, 0x000000076ab00000)
  object space 363520K, 69% used [0x00000006c0000000,0x00000006cf676f00,0x00000006d6300000)
 Metaspace       used 6339K, capacity 7216K, committed 7296K, reserved 1056768K
  class space    used 587K, capacity 616K, committed 640K, reserved 1048576K
}
Event: 35.089 GC heap before
{Heap before GC invocations=12 (full 2):
 PSYoungGen      total 492544K, used 492538K [0x000000076ab00000, 0x0000000794100000, 0x00000007c0000000)
  eden space 382976K, 100% used [0x000000076ab00000,0x0000000782100000,0x0000000782100000)
  from space 109568K, 99% used [0x0000000783f00000,0x000000078a9fe820,0x000000078aa00000)
  to   space 147456K, 0% used [0x000000078b100000,0x000000078b100000,0x0000000794100000)
 ParOldGen       total 363520K, used 252379K [0x00000006c0000000, 0x00000006d6300000, 0x000000076ab00000)
  object space 363520K, 69% used [0x00000006c0000000,0x00000006cf676f00,0x00000006d6300000)
 Metaspace       used 6339K, capacity 7216K, committed 7296K, reserved 1056768K
  class space    used 587K, capacity 616K, committed 640K, reserved 1048576K

